2020-10-13 15:24:24,638 INFO     F:\zhanghu\venv_octoprint\django_octoprint\lib\site-packages\django\utils\autoreload.py[line:578] Watching for file changes with StatReloader
2020-10-13 15:31:04,028 INFO     F:\zhanghu\venv_octoprint\django_octoprint\lib\site-packages\django\utils\autoreload.py[line:578] Watching for file changes with StatReloader
2020-10-13 15:31:41,545 INFO     F:\zhanghu\venv_octoprint\django_octoprint\lib\site-packages\django\utils\autoreload.py[line:203] C:\Users\cx2326\Desktop\NewPrinterBrain\printer_center\views.py changed, reloading.
2020-10-13 15:31:43,575 INFO     F:\zhanghu\venv_octoprint\django_octoprint\lib\site-packages\django\utils\autoreload.py[line:578] Watching for file changes with StatReloader
2020-10-13 15:31:45,599 WARNING  F:\zhanghu\venv_octoprint\django_octoprint\lib\site-packages\django\utils\log.py[line:228] Not Found: /cxsw/test/
2020-10-13 15:31:45,599 WARNING  F:\zhanghu\venv_octoprint\django_octoprint\lib\site-packages\django\core\servers\basehttp.py[line:154] "GET /cxsw/test/ HTTP/1.1" 404 2477
2020-10-13 15:31:58,333 WARNING  F:\zhanghu\venv_octoprint\django_octoprint\lib\site-packages\django\utils\log.py[line:228] Not Found: /cxsw/test/
2020-10-13 15:31:58,333 WARNING  F:\zhanghu\venv_octoprint\django_octoprint\lib\site-packages\django\core\servers\basehttp.py[line:154] "GET /cxsw/test/ HTTP/1.1" 404 2477
2020-10-13 15:32:53,658 INFO     F:\zhanghu\venv_octoprint\django_octoprint\lib\site-packages\django\utils\autoreload.py[line:203] C:\Users\cx2326\Desktop\NewPrinterBrain\printer_center\views.py changed, reloading.
2020-10-13 15:32:55,780 INFO     F:\zhanghu\venv_octoprint\django_octoprint\lib\site-packages\django\utils\autoreload.py[line:578] Watching for file changes with StatReloader
2020-10-13 15:33:47,888 INFO     F:\zhanghu\venv_octoprint\django_octoprint\lib\site-packages\django\utils\autoreload.py[line:578] Watching for file changes with StatReloader
2020-10-13 15:33:57,476 ERROR    C:\Users\cx2326\Desktop\NewPrinterBrain\printer_center\views.py[line:57] ´®¿Ú´ò¿ªÊ§°Ü:´íÎócould not open port 'COM5': PermissionError(13, '¾Ü¾ø·ÃÎÊ¡£', None, 5)
2020-10-13 15:33:57,804 INFO     F:\zhanghu\venv_octoprint\django_octoprint\lib\site-packages\django\core\servers\basehttp.py[line:154] "POST /cxsw/printer/connect/ HTTP/1.1" 200 79
2020-10-13 15:35:09,585 INFO     F:\zhanghu\venv_octoprint\django_octoprint\lib\site-packages\django\utils\autoreload.py[line:578] Watching for file changes with StatReloader
2020-10-13 15:35:24,899 INFO     F:\zhanghu\venv_octoprint\django_octoprint\lib\site-packages\django\core\servers\basehttp.py[line:154] "POST /cxsw/printer/connect/ HTTP/1.1" 200 55
2020-10-13 15:40:18,538 INFO     C:\Users\cx2326\Desktop\NewPrinterBrain\printer_center\views.py[line:121] rewrite gcode:b';End of Gcode\n', size:14
2020-10-13 15:40:22,539 INFO     C:\Users\cx2326\Desktop\NewPrinterBrain\printer_center\views.py[line:121] rewrite gcode:b';End of Gcode\n', size:14
2020-10-13 15:40:26,541 INFO     C:\Users\cx2326\Desktop\NewPrinterBrain\printer_center\views.py[line:121] rewrite gcode:b';End of Gcode\n', size:14
2020-10-13 15:40:30,542 ERROR    C:\Users\cx2326\Desktop\NewPrinterBrain\printer_center\views.py[line:115] receive printer data error: 
2020-10-13 15:46:42,984 INFO     F:\zhanghu\venv_octoprint\django_octoprint\lib\site-packages\django\utils\autoreload.py[line:578] Watching for file changes with StatReloader
2020-10-13 15:46:54,929 INFO     F:\zhanghu\venv_octoprint\django_octoprint\lib\site-packages\django\core\servers\basehttp.py[line:154] "POST /cxsw/printer/connect/ HTTP/1.1" 200 55
2020-10-13 15:50:53,884 INFO     C:\Users\cx2326\Desktop\NewPrinterBrain\printer_center\views.py[line:128] send gcode finish
2020-10-13 15:54:20,722 ERROR    C:\Users\cx2326\Desktop\NewPrinterBrain\printer_center\views.py[line:57] ´®¿Ú´ò¿ªÊ§°Ü:´íÎócould not open port 'COM5': PermissionError(13, '¾Ü¾ø·ÃÎÊ¡£', None, 5)
2020-10-13 15:54:20,724 INFO     F:\zhanghu\venv_octoprint\django_octoprint\lib\site-packages\django\core\servers\basehttp.py[line:154] "POST /cxsw/printer/connect/ HTTP/1.1" 200 79
2020-10-13 16:15:59,262 INFO     F:\zhanghu\venv_octoprint\django_octoprint\lib\site-packages\django\utils\autoreload.py[line:578] Watching for file changes with StatReloader
2020-10-13 16:16:44,980 INFO     F:\zhanghu\venv_octoprint\django_octoprint\lib\site-packages\django\core\servers\basehttp.py[line:154] "POST /cxsw/printer/status/ HTTP/1.1" 200 55
2020-10-13 16:18:10,937 INFO     F:\zhanghu\venv_octoprint\django_octoprint\lib\site-packages\django\utils\autoreload.py[line:578] Watching for file changes with StatReloader
2020-10-13 16:18:23,440 INFO     F:\zhanghu\venv_octoprint\django_octoprint\lib\site-packages\django\core\servers\basehttp.py[line:154] "POST /cxsw/printer/connect/ HTTP/1.1" 200 55
2020-10-13 16:19:23,689 INFO     F:\zhanghu\venv_octoprint\django_octoprint\lib\site-packages\django\core\servers\basehttp.py[line:154] "POST /cxsw/printer/status/ HTTP/1.1" 200 55
2020-10-13 16:19:55,425 INFO     F:\zhanghu\venv_octoprint\django_octoprint\lib\site-packages\django\core\servers\basehttp.py[line:154] "POST /cxsw/printer/status/ HTTP/1.1" 200 55
2020-10-13 16:23:21,390 INFO     F:\zhanghu\venv_octoprint\django_octoprint\lib\site-packages\django\core\servers\basehttp.py[line:154] "POST /cxsw/printer/status/ HTTP/1.1" 200 55
2020-10-13 16:26:52,919 INFO     F:\zhanghu\venv_octoprint\django_octoprint\lib\site-packages\django\utils\autoreload.py[line:578] Watching for file changes with StatReloader
2020-10-13 16:27:15,554 INFO     F:\zhanghu\venv_octoprint\django_octoprint\lib\site-packages\django\core\servers\basehttp.py[line:154] "GET /cxsw/printer/ HTTP/1.1" 200 0
2020-10-13 16:27:30,493 INFO     F:\zhanghu\venv_octoprint\django_octoprint\lib\site-packages\django\core\servers\basehttp.py[line:154] "POST /cxsw/printer/connect/ HTTP/1.1" 200 55
2020-10-13 17:36:21,012 INFO     F:\zhanghu\venv_octoprint\django_octoprint\lib\site-packages\django\utils\autoreload.py[line:578] Watching for file changes with StatReloader
2020-10-13 17:37:08,402 INFO     F:\zhanghu\venv_octoprint\django_octoprint\lib\site-packages\django\core\servers\basehttp.py[line:154] "POST /cxsw/printer/connect/ HTTP/1.1" 200 55
2020-10-13 17:42:26,226 INFO     F:\zhanghu\venv_octoprint\django_octoprint\lib\site-packages\django\core\servers\basehttp.py[line:154] "POST /cxsw/printer/status/ HTTP/1.1" 200 55
2020-10-13 17:42:26,397 INFO     C:\Users\cx2326\Desktop\NewPrinterBrain\printer_center\views.py[line:133] status:pause print
2020-10-13 17:42:28,397 INFO     C:\Users\cx2326\Desktop\NewPrinterBrain\printer_center\views.py[line:133] status:pause print
2020-10-13 17:42:30,398 INFO     C:\Users\cx2326\Desktop\NewPrinterBrain\printer_center\views.py[line:133] status:pause print
2020-10-13 17:42:32,399 INFO     C:\Users\cx2326\Desktop\NewPrinterBrain\printer_center\views.py[line:133] status:pause print
2020-10-13 17:42:34,399 INFO     C:\Users\cx2326\Desktop\NewPrinterBrain\printer_center\views.py[line:133] status:pause print
2020-10-13 17:42:36,400 INFO     C:\Users\cx2326\Desktop\NewPrinterBrain\printer_center\views.py[line:133] status:pause print
2020-10-13 17:42:38,401 INFO     C:\Users\cx2326\Desktop\NewPrinterBrain\printer_center\views.py[line:133] status:pause print
2020-10-13 17:42:40,401 INFO     C:\Users\cx2326\Desktop\NewPrinterBrain\printer_center\views.py[line:133] status:pause print
2020-10-13 17:42:42,402 INFO     C:\Users\cx2326\Desktop\NewPrinterBrain\printer_center\views.py[line:133] status:pause print
2020-10-13 17:42:44,402 INFO     C:\Users\cx2326\Desktop\NewPrinterBrain\printer_center\views.py[line:133] status:pause print
2020-10-13 17:42:46,403 INFO     C:\Users\cx2326\Desktop\NewPrinterBrain\printer_center\views.py[line:133] status:pause print
2020-10-13 17:42:48,404 INFO     C:\Users\cx2326\Desktop\NewPrinterBrain\printer_center\views.py[line:133] status:pause print
2020-10-13 17:42:50,404 INFO     C:\Users\cx2326\Desktop\NewPrinterBrain\printer_center\views.py[line:133] status:pause print
2020-10-13 17:42:52,405 INFO     C:\Users\cx2326\Desktop\NewPrinterBrain\printer_center\views.py[line:133] status:pause print
2020-10-13 17:42:54,406 INFO     C:\Users\cx2326\Desktop\NewPrinterBrain\printer_center\views.py[line:133] status:pause print
2020-10-13 17:42:56,406 INFO     C:\Users\cx2326\Desktop\NewPrinterBrain\printer_center\views.py[line:133] status:pause print
2020-10-13 17:42:58,407 INFO     C:\Users\cx2326\Desktop\NewPrinterBrain\printer_center\views.py[line:133] status:pause print
2020-10-13 17:43:00,408 INFO     C:\Users\cx2326\Desktop\NewPrinterBrain\printer_center\views.py[line:133] status:pause print
2020-10-13 17:43:02,408 INFO     C:\Users\cx2326\Desktop\NewPrinterBrain\printer_center\views.py[line:133] status:pause print
2020-10-13 17:43:04,409 INFO     C:\Users\cx2326\Desktop\NewPrinterBrain\printer_center\views.py[line:133] status:pause print
2020-10-13 17:43:06,410 INFO     C:\Users\cx2326\Desktop\NewPrinterBrain\printer_center\views.py[line:133] status:pause print
2020-10-13 17:43:08,410 INFO     C:\Users\cx2326\Desktop\NewPrinterBrain\printer_center\views.py[line:133] status:pause print
2020-10-13 17:43:10,411 INFO     C:\Users\cx2326\Desktop\NewPrinterBrain\printer_center\views.py[line:133] status:pause print
2020-10-13 17:43:12,412 INFO     C:\Users\cx2326\Desktop\NewPrinterBrain\printer_center\views.py[line:133] status:pause print
2020-10-13 17:43:14,412 INFO     C:\Users\cx2326\Desktop\NewPrinterBrain\printer_center\views.py[line:133] status:pause print
2020-10-13 17:43:14,990 INFO     F:\zhanghu\venv_octoprint\django_octoprint\lib\site-packages\django\core\servers\basehttp.py[line:154] "POST /cxsw/printer/status/ HTTP/1.1" 200 55
2020-10-13 17:44:02,714 INFO     F:\zhanghu\venv_octoprint\django_octoprint\lib\site-packages\django\core\servers\basehttp.py[line:154] "POST /cxsw/printer/status/ HTTP/1.1" 200 55
2020-10-13 17:44:03,708 INFO     C:\Users\cx2326\Desktop\NewPrinterBrain\printer_center\views.py[line:142] write cancel command M106 S0

2020-10-13 17:44:03,711 INFO     C:\Users\cx2326\Desktop\NewPrinterBrain\printer_center\views.py[line:142] write cancel command M104 S0

2020-10-13 17:44:03,714 INFO     C:\Users\cx2326\Desktop\NewPrinterBrain\printer_center\views.py[line:142] write cancel command M140 S0

2020-10-13 17:44:05,014 INFO     C:\Users\cx2326\Desktop\NewPrinterBrain\printer_center\views.py[line:142] write cancel command M84

2020-10-13 17:44:05,015 INFO     C:\Users\cx2326\Desktop\NewPrinterBrain\printer_center\views.py[line:144] cancel finish
2020-10-13 17:44:05,148 INFO     F:\zhanghu\venv_octoprint\django_octoprint\lib\site-packages\django\core\servers\basehttp.py[line:154] "GET /cxsw/printer/ HTTP/1.1" 200 0
2020-10-13 17:44:34,228 INFO     F:\zhanghu\venv_octoprint\django_octoprint\lib\site-packages\django\core\servers\basehttp.py[line:154] "POST /cxsw/printer/status/ HTTP/1.1" 200 55
